<?xml version="1.0" encoding="UTF-8"?>
<!-- Generated by org.testng.reporters.JUnitXMLReporter -->
<testsuite ignored="0" hostname="CSMBHUD299" failures="2" tests="193" name="ScenarioTesting" time="8340.938" errors="0" timestamp="2021-03-23T12:56:44 IST">
  <testcase classname="com.BEd.Tests.ApplyingCAFWithDifferentBoards" name="Login" time="23.286"/>
  <testcase classname="com.BEd.Tests.ApplyingCAFWithDifferentBoards" name="ApplyingCAFByOdishaBoard" time="54.488"/>
  <testcase classname="com.BEd.Tests.ApplyingCAFWithDifferentBoards" name="ApplyingCAFByNonOdishaBoard" time="61.048"/>
  <testcase classname="com.BEd.Tests.ApplyingCAFWithDiffernetExamType" name="Login" time="16.817"/>
  <testcase classname="com.BEd.Tests.ApplyingCAFWithDiffernetExamType" name="ApplyingCAFWithAnnualExamType" time="53.234"/>
  <testcase classname="com.BEd.Tests.ApplyingCAFWithDiffernetExamType" name="ApplyingCAFWithSupplementaryExamType" time="60.985"/>
  <testcase classname="com.BEd.Tests.ApplyingCAFWithDiffGender" name="Login" time="16.644"/>
  <testcase classname="com.BEd.Tests.ApplyingCAFWithDiffGender" name="ApplyingCAFByMaleCandidate" time="53.369"/>
  <testcase classname="com.BEd.Tests.ApplyingCAFWithDiffGender" name="ApplyingCAFByFemaleCandidate" time="61.011"/>
  <testcase classname="com.BEd.Tests.ApplyingCAFWithDiffGender" name="ApplyingCAFByTransgenderCandidate" time="60.9"/>
  <testcase classname="com.BEd.Tests.MobileNoComparison" name="Login" time="17.515"/>
  <testcase classname="com.BEd.Tests.MobileNoComparison" name="DifferentRegisteredMobileNoAlternateMobileNo" time="54.669"/>
  <testcase classname="com.BEd.Tests.MobileNoComparison" name="IdenticalRegisteredMobileNoAlternateMobileNo" time="29.279"/>
  <testcase classname="com.BEd.Tests.MobileNoComparison" name="AcceptanceofDuplicateAlternateMobileNo" time="61.96"/>
  <testcase classname="com.BEd.Tests.ReadonlyMobileNo" name="Login" time="17.998"/>
  <testcase classname="com.BEd.Tests.ReadonlyMobileNo" name="MobileNoDisability" time="1.734"/>
  <testcase classname="com.BEd.Tests.ReadOnlyEmailId" name="Login" time="17.18"/>
  <testcase classname="com.BEd.Tests.ReadOnlyEmailId" name="PopulationAndDisabilityofEmail" time="1.448"/>
  <testcase classname="com.BEd.Tests.AadhaarValidations" name="Login" time="17.114"/>
  <testcase classname="com.BEd.Tests.AadhaarValidations" name="AadhaarWithValidData" time="53.627"/>
  <testcase classname="com.BEd.Tests.AadhaarValidations" name="AadhaarWithInValidData" time="26.807"/>
  <testcase classname="com.BEd.Tests.AadhaarValidations" name="NonAcceptanceofDuplicateAadhaar" time="68.752"/>
  <testcase classname="com.BEd.Tests.OdiaCriteria" name="Login" time="16.271"/>
  <testcase classname="com.BEd.Tests.OdiaCriteria" name="OdiaStudied" time="52.173"/>
  <testcase classname="com.BEd.Tests.OdiaCriteria" name="OdiaNotStudied" time="26.359"/>
  <testcase classname="com.BEd.Tests.ScienceStreamValidation" name="Login" time="18.474"/>
  <testcase classname="com.BEd.Tests.ScienceStreamValidation" name="DisabilityOfPCMWithScience" time="29.711"/>
  <testcase classname="com.BEd.Tests.ScienceStreamValidation" name="PopulationOfBtech" time="38.265"/>
  <testcase classname="com.BEd.Tests.ScienceStreamValidation" name="DuplicateSubject" time="40.503"/>
  <testcase classname="com.BEd.Tests.ArtsStreamValidation" name="Login" time="17.517"/>
  <testcase classname="com.BEd.Tests.ArtsStreamValidation" name="DisabilityOfOdiaWithArtsOdiaHonours" time="29.734"/>
  <testcase classname="com.BEd.Tests.ArtsStreamValidation" name="DisabilityOfEnglishWithArtsEnglishHonours" time="29.198"/>
  <testcase classname="com.BEd.Tests.ArtsStreamValidation" name="DuplicateSubject" time="38.329"/>
  <testcase classname="com.BEd.Tests.ArtsStreamValidation" name="LanguageSubject" time="53.653"/>
  <testcase classname="com.BEd.Tests.MarksComparison" name="Login" time="17.513"/>
  <testcase classname="com.BEd.Tests.MarksComparison" name="ObtainedMarkIslessthanMaxMark" time="52.191"/>
  <testcase classname="com.BEd.Tests.MarksComparison" name="ObtainedMarkIsEqualToMaxMark" time="60.421"/>
  <testcase classname="com.BEd.Tests.MarksComparison" name="ObtainedMarkIsGreaterThanMaxMark" time="41.171"/>
  <testcase classname="com.BEd.Tests.MarksComparison" name="TwelthMaximumMarkcannotbelessthanMarkObtained" time="48.311"/>
  <testcase classname="com.BEd.Tests.MarksComparison" name="GraduationMaximumMarkcannotbelessthanMarkObtained" time="54.964"/>
  <testcase classname="com.BEd.Tests.MarksComparison" name="PGMaximumMarkcannotbelessthanMarkObtained" time="60.679"/>
  <testcase classname="com.BEd.Tests.YOPComparisons10th12th" name="Login" time="16.006"/>
  <testcase classname="com.BEd.Tests.YOPComparisons10th12th" name="YOPBetween10thAnd12thWithValidData" time="53.166"/>
  <testcase classname="com.BEd.Tests.YOPComparisons10th12th" name="YOPBetween10thAnd12thWithDiffLessThan2years" time="60.793"/>
  <testcase classname="com.BEd.Tests.YOPComparisons10th12th" name="YOPBetween10thAnd12thWithIdenticalData" time="59.814"/>
  <testcase classname="com.BEd.Tests.YOPComparisons10th12th" name="YOPBetween10thAnd12thWithInvalidData" time="60.797"/>
  <testcase classname="com.BEd.Tests.YOPComparisons12thGraduation" name="Login" time="16.015"/>
  <testcase classname="com.BEd.Tests.YOPComparisons12thGraduation" name="YOPBetween12thAndGraduationWithValidData" time="53.098"/>
  <testcase classname="com.BEd.Tests.YOPComparisons12thGraduation" name="YOPBetween12thAndGraduationWithDiffLessThan3years" time="60.95"/>
  <testcase classname="com.BEd.Tests.YOPComparisons12thGraduation" name="YOPBetween12thAndGraduationWithIdenticalData" time="60.695"/>
  <testcase classname="com.BEd.Tests.YOPComparisons12thGraduation" name="YOPBetween12thAndGraduationWithInvalidData" time="60.606"/>
  <testcase classname="com.BEd.Tests.YOPComparisonsGraduationPG" name="Login" time="17.787"/>
  <testcase classname="com.BEd.Tests.YOPComparisonsGraduationPG" name="YOPBetweenGraduationAndPGWithValidData" time="53.077"/>
  <testcase classname="com.BEd.Tests.YOPComparisonsGraduationPG" name="YOPBetweenGraduationAndPGWithDiffLessThan3years" time="60.707"/>
  <testcase classname="com.BEd.Tests.YOPComparisonsGraduationPG" name="YOPBetweenGraduationAndPGWithIdenticalData" time="60.682"/>
  <testcase classname="com.BEd.Tests.YOPComparisonsGraduationPG" name="YOPBetweenGraduationAndPGWithInvalidData" time="60.677"/>
  <testcase classname="com.BEd.Tests.ApplyingCAFByEachGraduates" name="Login" time="15.846"/>
  <testcase classname="com.BEd.Tests.ApplyingCAFByEachGraduates" name="ApplyingCAFByArtsGraduate" time="54.193"/>
  <testcase classname="com.BEd.Tests.ApplyingCAFByEachGraduates" name="ApplyingCAFByScienceGraduate" time="60.738"/>
  <testcase classname="com.BEd.Tests.ApplyingCAFByEachGraduates" name="ApplyingCAFByBtechGraduate" time="55.338"/>
  <testcase classname="com.BEd.Tests.ApplyingCAFByEachGraduates" name="ApplyingCAFByBtechLateralGraduate" time="38.249"/>
  <testcase classname="com.BEd.Tests.ApplyingCAFByEachAppearingGraduates" name="Login" time="17.731"/>
  <testcase classname="com.BEd.Tests.ApplyingCAFByEachAppearingGraduates" name="ApplyingCAFByArtsAppearingGraduate" time="45.566"/>
  <testcase classname="com.BEd.Tests.ApplyingCAFByEachAppearingGraduates" name="ApplyingCAFByScienceAppearingGraduate" time="52.067"/>
  <testcase classname="com.BEd.Tests.ApplyingCAFByEachAppearingGraduates" name="ApplyingCAFByBtechAppearingGraduate" time="55.749"/>
  <testcase classname="com.BEd.Tests.ApplyingCAFByEachAppearingGraduates" name="ApplyingCAFByBtechLateralAppearingGraduate" time="38.665"/>
  <testcase classname="com.BEd.Tests.OOTCriteria" name="Login" time="17.183"/>
  <testcase classname="com.BEd.Tests.OOTCriteria" name="ApplyingByOOTStates" time="90.538"/>
  <testcase classname="com.BEd.Tests.OOTCriteria" name="ApplyingByNonOOTStates" time="36.089"/>
  <testcase classname="com.BEd.Tests.ExServiceman" name="Login" time="17.956"/>
  <testcase classname="com.BEd.Tests.ExServiceman" name="ExServicemanCertified" time="54.867"/>
  <testcase classname="com.BEd.Tests.ExServiceman" name="ExServicemanNotCertified" time="27.468"/>
  <testcase classname="com.BEd.Tests.ExServiceman" name="UnmarriedDaughterOfExServiceman" time="62.524"/>
  <testcase classname="com.BEd.Tests.ExServiceman" name="MarriedDaughterOfExServiceman" time="27.43"/>
  <testcase classname="com.BEd.Tests.GreenCard" name="Login" time="17.081"/>
  <testcase classname="com.BEd.Tests.GreenCard" name="GreenCardWithCertificate" time="54.315"/>
  <testcase classname="com.BEd.Tests.GreenCard" name="GreenCardWithoutCertificate" time="28.39"/>
  <testcase classname="com.BEd.Tests.PHCategoryValidations" name="Login" time="17.556"/>
  <testcase classname="com.BEd.Tests.PHCategoryValidations" name="PHCategoryWithLessThan40Percentage" time="22.062"/>
  <testcase classname="com.BEd.Tests.PHCategoryValidations" name="PHCategoryWithMoreThan100Percentage" time="30.14"/>
  <testcase classname="com.BEd.Tests.PHCategoryValidations" name="PHCategoryBetween40To100Percentage" time="64.403"/>
  <testcase classname="com.BEd.Tests.LocomotorDisabilityValidations" name="Login" time="17.427"/>
  <testcase classname="com.BEd.Tests.LocomotorDisabilityValidations" name="LocomotorDisabilityWithLessThan40Percentage" time="22.79"/>
  <testcase classname="com.BEd.Tests.LocomotorDisabilityValidations" name="LocomotorDisabilityBetween40To100Percentage" time="65.254"/>
  <testcase classname="com.BEd.Tests.LocomotorDisabilityValidations" name="LocomotorDisabilityWithMoreThan100Percentage" time="30.449"/>
  <testcase classname="com.BEd.Tests.StateQuota" name="Login" time="16.07"/>
  <testcase classname="com.BEd.Tests.StateQuota" name="StateQuotaForOdishaResidingCandidatesWithOdia" time="52.132"/>
  <testcase classname="com.BEd.Tests.StateQuota" name="StateQuotaForOdishaResidingCandidatesWithoutOdia" time="27.45"/>
  <testcase classname="com.BEd.Tests.StateQuotaForOOT" name="Login" time="16.588"/>
  <testcase classname="com.BEd.Tests.StateQuotaForOOT" name="StateQuotaForOOTCandidatesWithOdia" time="86.186"/>
  <testcase classname="com.BEd.Tests.StateQuotaForOOT" name="StateQuotaForOOTCandidatesWithoutOdia" time="59.182"/>
  <testcase classname="com.BEd.Tests.KandhamalQuota" name="Login" time="16.161"/>
  <testcase classname="com.BEd.Tests.KandhamalQuota" name="KandhamalQuotaForKandhamalResidingSCCandidates" time="52.148"/>
  <testcase classname="com.BEd.Tests.KandhamalQuota" name="KandhamalQuotaForKandhamalResidingSTCandidates" time="60.498"/>
  <testcase classname="com.BEd.Tests.KandhamalQuota" name="KandhamalQuotaForKandhamalNonResidingSCCandidates" time="30.582"/>
  <testcase classname="com.BEd.Tests.KandhamalQuota" name="KandhamalQuotaForKandhamalNonResidingSTCandidates" time="30.567"/>
  <testcase classname="com.BEd.Tests.KandhamalQuota" name="KandhamalQuotaForGeneralCandidates" time="27.411"/>
  <testcase classname="com.BEd.Tests.KandhamalQuota" name="KandhamalQuotaForSEBCCandidates" time="27.438"/>
  <testcase classname="com.BEd.Tests.KandhamalQuota" name="KandhamalQuotaForOOTCandidates" time="27.438"/>
  <testcase classname="com.BEd.Tests.EligibilityCriteriaForGeneral" name="Login" time="15.999"/>
  <testcase classname="com.BEd.Tests.EligibilityCriteriaForGeneral" name="ArtsWithMoreThan50PercentageInGraduation" time="46.621"/>
  <testcase classname="com.BEd.Tests.EligibilityCriteriaForGeneral" name="ArtsWithLessThan50PercentageInGraduation" time="57.575"/>
  <testcase classname="com.BEd.Tests.EligibilityCriteriaForGeneral" name="ScienceWithMoreThan50PercentageInPG" time="59.548"/>
  <testcase classname="com.BEd.Tests.EligibilityCriteriaForGeneral" name="ScienceWithLessThan50PercentageInPG" time="60.676"/>
  <testcase classname="com.BEd.Tests.EligibilityCriteriaForGeneral" name="BtechWithMoreThan55Percentage" time="54.272"/>
  <testcase classname="com.BEd.Tests.EligibilityCriteriaForGeneral" name="BtechWithLessThan55Percentage" time="55.242"/>
  <testcase classname="com.BEd.Tests.EligibilityCriteriaForSC" name="Login" time="18.864"/>
  <testcase classname="com.BEd.Tests.EligibilityCriteriaForSC" name="ArtsWithMoreThan45PercentageInGraduation" time="46.708"/>
  <testcase classname="com.BEd.Tests.EligibilityCriteriaForSC" name="ArtsWithLessThan45PercentageInGraduation" time="56.372"/>
  <testcase classname="com.BEd.Tests.EligibilityCriteriaForSC" name="ScienceWithMoreThan45PercentageInPG" time="59.667"/>
  <testcase classname="com.BEd.Tests.EligibilityCriteriaForSC" name="ScienceWithLessThan45PercentageInPG" time="60.785"/>
  <testcase classname="com.BEd.Tests.EligibilityCriteriaForSC" name="BtechWithMoreThan50Percentage" time="54.169"/>
  <testcase classname="com.BEd.Tests.EligibilityCriteriaForSC" name="BtechWithLessThan50Percentage" time="55.28"/>
  <testcase classname="com.BEd.Tests.EligibilityCriteriaForST" name="Login" time="15.845"/>
  <testcase classname="com.BEd.Tests.EligibilityCriteriaForST" name="ArtsWithMoreThan45PercentageInGraduation" time="46.615"/>
  <testcase classname="com.BEd.Tests.EligibilityCriteriaForST" name="ArtsWithLessThan45PercentageInGraduation" time="56.299"/>
  <testcase classname="com.BEd.Tests.EligibilityCriteriaForST" name="ScienceWithMoreThan45PercentageInPG" time="59.601"/>
  <testcase classname="com.BEd.Tests.EligibilityCriteriaForST" name="ScienceWithLessThan45PercentageInPG" time="60.793"/>
  <testcase classname="com.BEd.Tests.EligibilityCriteriaForST" name="BtechWithMoreThan50Percentage" time="54.12"/>
  <testcase classname="com.BEd.Tests.EligibilityCriteriaForST" name="BtechWithLessThan50Percentage" time="55.403"/>
  <testcase classname="com.BEd.Tests.EligibilityCriteriaForSEBC" name="Login" time="18.375"/>
  <testcase classname="com.BEd.Tests.EligibilityCriteriaForSEBC" name="ArtsWithMoreThan45PercentageInGraduation" time="46.726"/>
  <testcase classname="com.BEd.Tests.EligibilityCriteriaForSEBC" name="ArtsWithLessThan45PercentageInGraduation" time="56.878"/>
  <testcase classname="com.BEd.Tests.EligibilityCriteriaForSEBC" name="ScienceWithMoreThan45PercentageInPG" time="59.73"/>
  <testcase classname="com.BEd.Tests.EligibilityCriteriaForSEBC" name="ScienceWithLessThan45PercentageInPG" time="60.783"/>
  <testcase classname="com.BEd.Tests.EligibilityCriteriaForSEBC" name="BtechWithMoreThan50Percentage" time="54.234"/>
  <testcase classname="com.BEd.Tests.EligibilityCriteriaForSEBC" name="BtechWithLessThan50Percentage" time="55.362"/>
  <testcase classname="com.BEd.Tests.EligibilityCriteriaForPH" name="Login" time="17.313"/>
  <testcase classname="com.BEd.Tests.EligibilityCriteriaForPH" name="ArtsWithMoreThan45PercentageInGraduation" time="50.757"/>
  <testcase classname="com.BEd.Tests.EligibilityCriteriaForPH" name="ArtsWithLessThan45PercentageInGraduation" time="60.578"/>
  <testcase classname="com.BEd.Tests.EligibilityCriteriaForPH" name="ScienceWithMoreThan45PercentageInPG" time="63.748"/>
  <testcase classname="com.BEd.Tests.EligibilityCriteriaForPH" name="ScienceWithLessThan45PercentageInPG" time="64.84"/>
  <testcase classname="com.BEd.Tests.EligibilityCriteriaForPH" name="BtechWithMoreThan50Percentage" time="58.232"/>
  <testcase classname="com.BEd.Tests.EligibilityCriteriaForPH" name="BtechWithLessThan55Percentage" time="59.364"/>
  <testcase classname="com.BEd.Tests.AgeCriteriaForMaleApplicant" name="Login" time="18.038"/>
  <testcase classname="com.BEd.Tests.AgeCriteriaForMaleApplicant" name="UnreservedMaleApplicantBornBeforeAgeAsOn" time="21.377"/>
  <testcase classname="com.BEd.Tests.AgeCriteriaForMaleApplicant" name="PWDMaleApplicantBornBeforeAgeAsOn" time="25.646"/>
  <testcase classname="com.BEd.Tests.AgeCriteriaForMaleApplicant" name="UnreservedMaleApplicantBornOnAgeAsOn" time="60.92"/>
  <testcase classname="com.BEd.Tests.AgeCriteriaForMaleApplicant" name="PWDMaleApplicantBornOnAgeAsOn" time="67.238"/>
  <testcase classname="com.BEd.Tests.AgeCriteriaForMaleApplicant" name="UnReservedMaleApplicantBornAfterAgeAsOn" time="61.214"/>
  <testcase classname="com.BEd.Tests.AgeCriteriaForMaleApplicant" name="PWDMaleApplicantBornAfterAgeAsOn" time="66.352"/>
  <testcase classname="com.BEd.Tests.AgeCriteriaForFemaleApplicants" name="Login" time="18.325"/>
  <testcase classname="com.BEd.Tests.AgeCriteriaForFemaleApplicants" name="FemaleApplicantBornBeforeAgeAsOn" time="21.129"/>
  <testcase classname="com.BEd.Tests.AgeCriteriaForFemaleApplicants" name="PWDFemaleApplicantBornBeforeAgeAsOn" time="25.616"/>
  <testcase classname="com.BEd.Tests.AgeCriteriaForFemaleApplicants" name="FemaleApplicantBornOnAgeAsOn" time="60.98"/>
  <testcase classname="com.BEd.Tests.AgeCriteriaForFemaleApplicants" name="PWDFemaleApplicantBornOnAgeAsOn" time="66.39"/>
  <testcase classname="com.BEd.Tests.AgeCriteriaForFemaleApplicants" name="FemaleApplicantBornAfterAgeAsOn" time="62.142"/>
  <testcase classname="com.BEd.Tests.AgeCriteriaForFemaleApplicants" name="PWDFemaleApplicantBornAfterAgeAsOn" time="67.472"/>
  <testcase classname="com.BEd.Tests.AgeCriteriaForTransgenderApplicants" name="Login" time="15.977"/>
  <testcase classname="com.BEd.Tests.AgeCriteriaForTransgenderApplicants" name="TransgenderApplicantBornBeforeAgeAsOn" time="21.111"/>
  <testcase classname="com.BEd.Tests.AgeCriteriaForTransgenderApplicants" name="PWDTransgenderApplicantBornBeforeAgeAsOn" time="25.814"/>
  <testcase classname="com.BEd.Tests.AgeCriteriaForTransgenderApplicants" name="TransgenderApplicantBornOnAgeAsOn" time="60.722"/>
  <testcase classname="com.BEd.Tests.AgeCriteriaForTransgenderApplicants" name="PWDTransgenderApplicantBornOnAgeAsOn" time="66.204"/>
  <testcase classname="com.BEd.Tests.AgeCriteriaForTransgenderApplicants" name="TransgenderApplicantBornAfterAgeAsOn" time="61.23"/>
  <testcase classname="com.BEd.Tests.AgeCriteriaForTransgenderApplicants" name="PWDTransgenderApplicantBornAfterAgeAsOn" time="66.337"/>
  <testcase classname="com.BEd.Tests.AgeCriteriaForSCApplicants" name="Login" time="18.862"/>
  <testcase classname="com.BEd.Tests.AgeCriteriaForSCApplicants" name="SCApplicantBornBeforeAgeAsOn" time="21.062"/>
  <testcase classname="com.BEd.Tests.AgeCriteriaForSCApplicants" name="PWDSCApplicantBornBeforeAgeAsOn" time="25.642"/>
  <testcase classname="com.BEd.Tests.AgeCriteriaForSCApplicants" name="SCApplicantBornOnAgeAsOn" time="60.783"/>
  <testcase classname="com.BEd.Tests.AgeCriteriaForSCApplicants" name="PWDSCApplicantBornOnAgeAsOn" time="66.141"/>
  <testcase classname="com.BEd.Tests.AgeCriteriaForSCApplicants" name="SCApplicantBornAfterAgeAsOn" time="61.163"/>
  <testcase classname="com.BEd.Tests.AgeCriteriaForSCApplicants" name="PWDSCApplicantBornAfterAgeAsOn" time="66.186"/>
  <testcase classname="com.BEd.Tests.AgeCriteriaForSTApplicants" name="Login" time="16.837"/>
  <testcase classname="com.BEd.Tests.AgeCriteriaForSTApplicants" name="STApplicantBornBeforeAgeAsOn" time="21.097"/>
  <testcase classname="com.BEd.Tests.AgeCriteriaForSTApplicants" name="PWDSTApplicantBornBeforeAgeAsOn" time="25.741"/>
  <testcase classname="com.BEd.Tests.AgeCriteriaForSTApplicants" name="STApplicantBornOnAgeAsOn" time="60.77"/>
  <testcase classname="com.BEd.Tests.AgeCriteriaForSTApplicants" name="PWDSTApplicantBornOnAgeAsOn" time="66.506"/>
  <testcase classname="com.BEd.Tests.AgeCriteriaForSTApplicants" name="STApplicantBornAfterAgeAsOn" time="61.125"/>
  <testcase classname="com.BEd.Tests.AgeCriteriaForSTApplicants" name="PWDSTApplicantBornAfterAgeAsOn" time="66.714"/>
  <testcase classname="com.BEd.Tests.AgeCriteriaForSEBCMaleApplicants" name="Login" time="15.861"/>
  <testcase classname="com.BEd.Tests.AgeCriteriaForSEBCMaleApplicants" name="SEBCApplicantBornBeforeAgeAsOn" time="21.115"/>
  <testcase classname="com.BEd.Tests.AgeCriteriaForSEBCMaleApplicants" name="PWDSEBCApplicantBornBeforeAgeAsOn" time="25.607"/>
  <testcase classname="com.BEd.Tests.AgeCriteriaForSEBCMaleApplicants" name="SEBCApplicantBornOnAgeAsOn" time="60.734"/>
  <testcase classname="com.BEd.Tests.AgeCriteriaForSEBCMaleApplicants" name="PWDSEBCApplicantBornOnAgeAsOn" time="66.247"/>
  <testcase classname="com.BEd.Tests.AgeCriteriaForSEBCMaleApplicants" name="SEBCApplicantBornAfterAgeAsOn" time="61.369"/>
  <testcase classname="com.BEd.Tests.AgeCriteriaForSEBCMaleApplicants" name="PWDSEBCApplicantBornAfterAgeAsOn" time="66.239"/>
  <testcase classname="com.BEd.Tests.SubmissionOfCAF" name="Login" time="17.569"/>
  <testcase classname="com.BEd.Tests.SubmissionOfCAF" name="SuccessfulSubmissionofCAF" time="53.098"/>
  <testcase classname="com.BEd.Tests.SubmissionofCAFBySameApplicantAgain" name="Login" time="11.12"/>
  <testcase classname="com.BEd.Tests.SubmissionofCAFBySameApplicantAgain" name="SubmissionBySameApplicant" time="9.343"/>
  <testcase classname="com.BEd.Tests.SubmissionofCAFWithDuplicateData" name="Login" time="16.022"/>
  <testcase classname="com.BEd.Tests.SubmissionofCAFWithDuplicateData" name="SubmissionWithDuplicateRollNo" time="54.349"/>
  <testcase classname="com.BEd.Tests.SubmissionofCAFWithInvalidData" name="Login" time="20.195"/>
  <testcase classname="com.BEd.Tests.SubmissionofCAFWithInvalidData" name="SubmissionWithInvalidData" time="53.747"/>
  <testcase classname="com.BEd.Tests.CofirmFunctionality" name="Login" time="16.082"/>
  <testcase classname="com.BEd.Tests.CofirmFunctionality" name="ConfirmationBeforeFinalSubmission" time="8.836"/>
  <testcase classname="com.BEd.Tests.CofirmFunctionality" name="CancellationofFinalSubmission" time="3.722"/>
  <testcase classname="com.BEd.Tests.BacktoModifyfunctionality" name="Login" time="15.853"/>
  <testcase classname="com.BEd.Tests.BacktoModifyfunctionality" name="BackToModify" time="77.96">
    <failure type="org.openqa.selenium.NoSuchElementException" message="no such element: Unable to locate element: {&amp;quot;method&amp;quot;:&amp;quot;css selector&amp;quot;,&amp;quot;selector&amp;quot;:&amp;quot;#lblApplicantName&amp;quot;}
  (Session info: chrome=89.0.4389.90)
For documentation on this error, please visit: https://www.seleniumhq.org/exceptions/no_such_element.html
Build info: version: &amp;apos;3.141.59&amp;apos;, revision: &amp;apos;e82be7d358&amp;apos;, time: &amp;apos;2018-11-14T08:17:03&amp;apos;
System info: host: &amp;apos;CSMBHUD299&amp;apos;, ip: &amp;apos;192.168.25.61&amp;apos;, os.name: &amp;apos;Windows 10&amp;apos;, os.arch: &amp;apos;amd64&amp;apos;, os.version: &amp;apos;10.0&amp;apos;, java.version: &amp;apos;15.0.1&amp;apos;
Driver info: org.openqa.selenium.chrome.ChromeDriver
Capabilities {acceptInsecureCerts: false, browserName: chrome, browserVersion: 89.0.4389.90, chrome: {chromedriverVersion: 88.0.4324.96 (68dba2d8a0b14..., userDataDir: C:\Users\root\AppData\Local...}, goog:chromeOptions: {debuggerAddress: localhost:56472}, javascriptEnabled: true, networkConnectionEnabled: false, pageLoadStrategy: normal, platform: WINDOWS, platformName: WINDOWS, proxy: Proxy(), setWindowRect: true, strictFileInteractability: false, timeouts: {implicit: 0, pageLoad: 300000, script: 30000}, unhandledPromptBehavior: dismiss and notify, webauthn:extension:largeBlob: true, webauthn:virtualAuthenticators: true}
Session ID: cdaac02d0ca55af8949fc7e8f5336aa7
*** Element info: {Using=id, value=lblApplicantName}">
      <![CDATA[org.openqa.selenium.NoSuchElementException: no such element: Unable to locate element: {"method":"css selector","selector":"#lblApplicantName"}
  (Session info: chrome=89.0.4389.90)
For documentation on this error, please visit: https://www.seleniumhq.org/exceptions/no_such_element.html
Build info: version: '3.141.59', revision: 'e82be7d358', time: '2018-11-14T08:17:03'
System info: host: 'CSMBHUD299', ip: '192.168.25.61', os.name: 'Windows 10', os.arch: 'amd64', os.version: '10.0', java.version: '15.0.1'
Driver info: org.openqa.selenium.chrome.ChromeDriver
Capabilities {acceptInsecureCerts: false, browserName: chrome, browserVersion: 89.0.4389.90, chrome: {chromedriverVersion: 88.0.4324.96 (68dba2d8a0b14..., userDataDir: C:\Users\root\AppData\Local...}, goog:chromeOptions: {debuggerAddress: localhost:56472}, javascriptEnabled: true, networkConnectionEnabled: false, pageLoadStrategy: normal, platform: WINDOWS, platformName: WINDOWS, proxy: Proxy(), setWindowRect: true, strictFileInteractability: false, timeouts: {implicit: 0, pageLoad: 300000, script: 30000}, unhandledPromptBehavior: dismiss and notify, webauthn:extension:largeBlob: true, webauthn:virtualAuthenticators: true}
Session ID: cdaac02d0ca55af8949fc7e8f5336aa7
*** Element info: {Using=id, value=lblApplicantName}
at org.openqa.selenium.remote.http.W3CHttpResponseCodec.createException(W3CHttpResponseCodec.java:187)
at org.openqa.selenium.remote.http.W3CHttpResponseCodec.decode(W3CHttpResponseCodec.java:122)
at org.openqa.selenium.remote.http.W3CHttpResponseCodec.decode(W3CHttpResponseCodec.java:49)
at org.openqa.selenium.remote.HttpCommandExecutor.execute(HttpCommandExecutor.java:158)
at org.openqa.selenium.remote.service.DriverCommandExecutor.execute(DriverCommandExecutor.java:83)
at org.openqa.selenium.remote.RemoteWebDriver.execute(RemoteWebDriver.java:552)
at org.openqa.selenium.remote.RemoteWebDriver.findElement(RemoteWebDriver.java:323)
at org.openqa.selenium.remote.RemoteWebDriver.findElementById(RemoteWebDriver.java:372)
at org.openqa.selenium.By$ById.findElement(By.java:188)
at org.openqa.selenium.remote.RemoteWebDriver.findElement(RemoteWebDriver.java:315)
at com.BEd.ObjectRepository.BEdCAF.LableApplicantName(BEdCAF.java:891)
at com.BEd.Tests.BacktoModifyfunctionality.BackToModify(BacktoModifyfunctionality.java:142)
at java.base/java.util.ArrayList.forEach(ArrayList.java:1511)
... Removed 32 stack frames]]>
    </failure>
  </testcase> <!-- BackToModify -->
  <testcase classname="com.BEd.Tests.BacktoModifyfunctionality" name="DuplicateRollNumberCheckBackToModify" time="31.067">
    <failure type="org.openqa.selenium.NoSuchElementException" message="no such element: Unable to locate element: {&amp;quot;method&amp;quot;:&amp;quot;css selector&amp;quot;,&amp;quot;selector&amp;quot;:&amp;quot;#btnBackToModify&amp;quot;}
  (Session info: chrome=89.0.4389.90)
For documentation on this error, please visit: https://www.seleniumhq.org/exceptions/no_such_element.html
Build info: version: &amp;apos;3.141.59&amp;apos;, revision: &amp;apos;e82be7d358&amp;apos;, time: &amp;apos;2018-11-14T08:17:03&amp;apos;
System info: host: &amp;apos;CSMBHUD299&amp;apos;, ip: &amp;apos;192.168.25.61&amp;apos;, os.name: &amp;apos;Windows 10&amp;apos;, os.arch: &amp;apos;amd64&amp;apos;, os.version: &amp;apos;10.0&amp;apos;, java.version: &amp;apos;15.0.1&amp;apos;
Driver info: org.openqa.selenium.chrome.ChromeDriver
Capabilities {acceptInsecureCerts: false, browserName: chrome, browserVersion: 89.0.4389.90, chrome: {chromedriverVersion: 88.0.4324.96 (68dba2d8a0b14..., userDataDir: C:\Users\root\AppData\Local...}, goog:chromeOptions: {debuggerAddress: localhost:56472}, javascriptEnabled: true, networkConnectionEnabled: false, pageLoadStrategy: normal, platform: WINDOWS, platformName: WINDOWS, proxy: Proxy(), setWindowRect: true, strictFileInteractability: false, timeouts: {implicit: 0, pageLoad: 300000, script: 30000}, unhandledPromptBehavior: dismiss and notify, webauthn:extension:largeBlob: true, webauthn:virtualAuthenticators: true}
Session ID: cdaac02d0ca55af8949fc7e8f5336aa7
*** Element info: {Using=id, value=btnBackToModify}">
      <![CDATA[org.openqa.selenium.NoSuchElementException: no such element: Unable to locate element: {"method":"css selector","selector":"#btnBackToModify"}
  (Session info: chrome=89.0.4389.90)
For documentation on this error, please visit: https://www.seleniumhq.org/exceptions/no_such_element.html
Build info: version: '3.141.59', revision: 'e82be7d358', time: '2018-11-14T08:17:03'
System info: host: 'CSMBHUD299', ip: '192.168.25.61', os.name: 'Windows 10', os.arch: 'amd64', os.version: '10.0', java.version: '15.0.1'
Driver info: org.openqa.selenium.chrome.ChromeDriver
Capabilities {acceptInsecureCerts: false, browserName: chrome, browserVersion: 89.0.4389.90, chrome: {chromedriverVersion: 88.0.4324.96 (68dba2d8a0b14..., userDataDir: C:\Users\root\AppData\Local...}, goog:chromeOptions: {debuggerAddress: localhost:56472}, javascriptEnabled: true, networkConnectionEnabled: false, pageLoadStrategy: normal, platform: WINDOWS, platformName: WINDOWS, proxy: Proxy(), setWindowRect: true, strictFileInteractability: false, timeouts: {implicit: 0, pageLoad: 300000, script: 30000}, unhandledPromptBehavior: dismiss and notify, webauthn:extension:largeBlob: true, webauthn:virtualAuthenticators: true}
Session ID: cdaac02d0ca55af8949fc7e8f5336aa7
*** Element info: {Using=id, value=btnBackToModify}
at org.openqa.selenium.remote.http.W3CHttpResponseCodec.createException(W3CHttpResponseCodec.java:187)
at org.openqa.selenium.remote.http.W3CHttpResponseCodec.decode(W3CHttpResponseCodec.java:122)
at org.openqa.selenium.remote.http.W3CHttpResponseCodec.decode(W3CHttpResponseCodec.java:49)
at org.openqa.selenium.remote.HttpCommandExecutor.execute(HttpCommandExecutor.java:158)
at org.openqa.selenium.remote.service.DriverCommandExecutor.execute(DriverCommandExecutor.java:83)
at org.openqa.selenium.remote.RemoteWebDriver.execute(RemoteWebDriver.java:552)
at org.openqa.selenium.remote.RemoteWebDriver.findElement(RemoteWebDriver.java:323)
at org.openqa.selenium.remote.RemoteWebDriver.findElementById(RemoteWebDriver.java:372)
at org.openqa.selenium.By$ById.findElement(By.java:188)
at org.openqa.selenium.remote.RemoteWebDriver.findElement(RemoteWebDriver.java:315)
at com.BEd.ObjectRepository.BEdCAF.BackToModify(BEdCAF.java:864)
at com.BEd.Tests.BacktoModifyfunctionality.DuplicateRollNumberCheckBackToModify(BacktoModifyfunctionality.java:292)
at java.base/java.util.ArrayList.forEach(ArrayList.java:1511)
... Removed 32 stack frames]]>
    </failure>
  </testcase> <!-- DuplicateRollNumberCheckBackToModify -->
  <testcase classname="com.BEd.Tests.ImageUpload" name="Login" time="13.463"/>
  <testcase classname="com.BEd.Tests.ImageUpload" name="ImageUploadWithValidData" time="1.88"/>
  <testcase classname="com.BEd.Tests.ImageUpload" name="ImageUploadWithInValidData" time="1.415"/>
</testsuite> <!-- ScenarioTesting -->
