<?xml version="1.0" encoding="UTF-8"?>
<!-- Generated by org.testng.reporters.JUnitXMLReporter -->
<testsuite ignored="0" hostname="CSMBHUD347" failures="1" tests="5" name="ScenarioTesting" time="231.823" errors="0" timestamp="2021-11-11T18:32:18 IST">
  <testcase classname="com.BHEd.Tests.MobileNoComparison" name="Login" time="18.939"/>
  <testcase classname="com.BHEd.Tests.MobileNoComparison" name="DifferentRegisteredMobileNoAlternateMobileNo" time="55.4">
    <skipped/>
  </testcase> <!-- DifferentRegisteredMobileNoAlternateMobileNo -->
  <testcase classname="com.BHEd.Tests.MobileNoComparison" name="DifferentRegisteredMobileNoAlternateMobileNo" time="54.699">
    <failure type="org.openqa.selenium.UnhandledAlertException" message="unexpected alert open: {Alert text : Are you sure you want to proceed ?}
  (Session info: chrome=95.0.4638.69): Are you sure you want to proceed ?
Build info: version: &amp;apos;3.141.59&amp;apos;, revision: &amp;apos;e82be7d358&amp;apos;, time: &amp;apos;2018-11-14T08:17:03&amp;apos;
System info: host: &amp;apos;CSMBHUD347&amp;apos;, ip: &amp;apos;192.168.203.86&amp;apos;, os.name: &amp;apos;Windows 10&amp;apos;, os.arch: &amp;apos;amd64&amp;apos;, os.version: &amp;apos;10.0&amp;apos;, java.version: &amp;apos;17&amp;apos;
Driver info: org.openqa.selenium.chrome.ChromeDriver
Capabilities {acceptInsecureCerts: false, browserName: chrome, browserVersion: 95.0.4638.69, chrome: {chromedriverVersion: 95.0.4638.69 (6a1600ed572fe..., userDataDir: C:\Users\SUPRIT~1.SRI\AppDa...}, goog:chromeOptions: {debuggerAddress: localhost:60770}, javascriptEnabled: true, networkConnectionEnabled: false, pageLoadStrategy: normal, platform: WINDOWS, platformName: WINDOWS, proxy: Proxy(), setWindowRect: true, strictFileInteractability: false, timeouts: {implicit: 0, pageLoad: 300000, script: 30000}, unhandledPromptBehavior: dismiss and notify, webauthn:extension:credBlob: true, webauthn:extension:largeBlob: true, webauthn:virtualAuthenticators: true}
Session ID: c810801ff0d9570ab963c7d90adbf11d
*** Element info: {Using=id, value=btnSave}">
      <![CDATA[org.openqa.selenium.UnhandledAlertException: unexpected alert open: {Alert text : Are you sure you want to proceed ?}
  (Session info: chrome=95.0.4638.69): Are you sure you want to proceed ?
Build info: version: '3.141.59', revision: 'e82be7d358', time: '2018-11-14T08:17:03'
System info: host: 'CSMBHUD347', ip: '192.168.203.86', os.name: 'Windows 10', os.arch: 'amd64', os.version: '10.0', java.version: '17'
Driver info: org.openqa.selenium.chrome.ChromeDriver
Capabilities {acceptInsecureCerts: false, browserName: chrome, browserVersion: 95.0.4638.69, chrome: {chromedriverVersion: 95.0.4638.69 (6a1600ed572fe..., userDataDir: C:\Users\SUPRIT~1.SRI\AppDa...}, goog:chromeOptions: {debuggerAddress: localhost:60770}, javascriptEnabled: true, networkConnectionEnabled: false, pageLoadStrategy: normal, platform: WINDOWS, platformName: WINDOWS, proxy: Proxy(), setWindowRect: true, strictFileInteractability: false, timeouts: {implicit: 0, pageLoad: 300000, script: 30000}, unhandledPromptBehavior: dismiss and notify, webauthn:extension:credBlob: true, webauthn:extension:largeBlob: true, webauthn:virtualAuthenticators: true}
Session ID: c810801ff0d9570ab963c7d90adbf11d
*** Element info: {Using=id, value=btnSave}
at org.openqa.selenium.remote.http.W3CHttpResponseCodec.decode(W3CHttpResponseCodec.java:120)
at org.openqa.selenium.remote.http.W3CHttpResponseCodec.decode(W3CHttpResponseCodec.java:49)
at org.openqa.selenium.remote.HttpCommandExecutor.execute(HttpCommandExecutor.java:158)
at org.openqa.selenium.remote.service.DriverCommandExecutor.execute(DriverCommandExecutor.java:83)
at org.openqa.selenium.remote.RemoteWebDriver.execute(RemoteWebDriver.java:552)
at org.openqa.selenium.remote.RemoteWebDriver.findElement(RemoteWebDriver.java:323)
at org.openqa.selenium.remote.RemoteWebDriver.findElementById(RemoteWebDriver.java:372)
at org.openqa.selenium.By$ById.findElement(By.java:188)
at org.openqa.selenium.remote.RemoteWebDriver.findElement(RemoteWebDriver.java:315)
at com.BHEd.ObjectRepository.BHEdCAF.Submit(BHEdCAF.java:891)
at com.BHEd.Tests.MobileNoComparison.DifferentRegisteredMobileNoAlternateMobileNo(MobileNoComparison.java:152)
at java.base/java.util.ArrayList.forEach(ArrayList.java:1511)
... Removed 27 stack frames]]>
    </failure>
  </testcase> <!-- DifferentRegisteredMobileNoAlternateMobileNo -->
  <testcase classname="com.BHEd.Tests.MobileNoComparison" name="IdenticalRegisteredMobileNoAlternateMobileNo" time="31.045"/>
  <testcase classname="com.BHEd.Tests.MobileNoComparison" name="AcceptanceofDuplicateAlternateMobileNo" time="64.734"/>
</testsuite> <!-- ScenarioTesting -->
